g:\work\gistool\gistool\x64\debug\vc142.pdb
g:\work\gistool\gistool\x64\debug\vc142.idb
g:\work\gistool\gistool\x64\debug\viewtree.obj
g:\work\gistool\gistool\x64\debug\shapefilewrite.obj
g:\work\gistool\gistool\x64\debug\fileview.obj
g:\work\gistool\gistool\x64\debug\commonfunc.obj
g:\work\gistool\gistool\x64\debug\gistool.pch
g:\work\gistool\gistool\x64\debug\pch.obj
g:\work\gistool\gistool\x64\debug\propertieswnd.obj
g:\work\gistool\gistool\x64\debug\outputwnd.obj
g:\work\gistool\gistool\x64\debug\mainfrm.obj
g:\work\gistool\gistool\x64\debug\gistoolview.obj
g:\work\gistool\gistool\x64\debug\gistooldoc.obj
g:\work\gistool\gistool\x64\debug\gistool.obj
g:\work\gistool\gistool\x64\debug\dlgshpreadandwrite.obj
g:\work\gistool\gistool\x64\debug\classview.obj
g:\work\gistool\gistool\x64\debug\shapefileread.obj
g:\work\gistool\gistool\x64\debug\shptree.obj
g:\work\gistool\gistool\x64\debug\dbfopen.obj
g:\work\gistool\gistool\x64\debug\gistool.tlog\cl.command.1.tlog
g:\work\gistool\gistool\x64\debug\gistool.tlog\cl.read.1.tlog
g:\work\gistool\gistool\x64\debug\gistool.tlog\cl.write.1.tlog
